<?xml version="1.0" encoding="UTF-8"?>
<!-- Generated by org.testng.reporters.JUnitReportReporter -->
<testsuite skipped="0" hostname="Vicky-PC" name="testCases.TC_LoginTest_001" tests="1" failures="0" timestamp="29 May 2021 06:49:33 GMT" time="3.843" errors="0">
  <testcase name="loginTest" time="3.843" classname="testCases.TC_LoginTest_001"/>
</testsuite> <!-- testCases.TC_LoginTest_001 -->
